<?xml version="1.0" encoding="UTF-8"?>
<!-- Generated by org.testng.reporters.JUnitXMLReporter -->
<testsuite ignored="0" hostname="DESKTOP-KR1GQTC" failures="0" tests="2" name="ChromeTest" time="1.918" errors="0" timestamp="2022-03-10T12:35:29 IST">
  <testcase classname="pomtest.TestNgClass" name="@BeforeTest launchBrowserName" time="1.786">
    <failure type="org.openqa.selenium.SessionNotCreatedException" message="session not created: This version of ChromeDriver only supports Chrome version 97
Current browser version is 99.0.4844.51 with binary path C:\Program Files (x86)\Google\Chrome\Application\chrome.exe
Build info: version: &amp;apos;3.141.59&amp;apos;, revision: &amp;apos;e82be7d358&amp;apos;, time: &amp;apos;2018-11-14T08:17:03&amp;apos;
System info: host: &amp;apos;DESKTOP-KR1GQTC&amp;apos;, ip: &amp;apos;192.168.136.1&amp;apos;, os.name: &amp;apos;Windows 10&amp;apos;, os.arch: &amp;apos;amd64&amp;apos;, os.version: &amp;apos;10.0&amp;apos;, java.version: &amp;apos;17.0.1&amp;apos;
Driver info: driver.version: ChromeDriver
remote stacktrace: Backtrace:
	Ordinal0 [0x011DFDC3+2555331]
	Ordinal0 [0x011777F1+2127857]
	Ordinal0 [0x01072E08+1060360]
	Ordinal0 [0x010919CA+1186250]
	Ordinal0 [0x0108D825+1169445]
	Ordinal0 [0x0108AFC1+1159105]
	Ordinal0 [0x010BC22F+1360431]
	Ordinal0 [0x010BBE9A+1359514]
	Ordinal0 [0x010B7976+1341814]
	Ordinal0 [0x010936B6+1193654]
	Ordinal0 [0x01094546+1197382]
	GetHandleVerifier [0x01379622+1619522]
	GetHandleVerifier [0x0142882C+2336844]
	GetHandleVerifier [0x012723E1+541697]
	GetHandleVerifier [0x01271443+537699]
	Ordinal0 [0x0117D18E+2150798]
	Ordinal0 [0x01181518+2168088]
	Ordinal0 [0x01181660+2168416]
	Ordinal0 [0x0118B330+2208560]
	BaseThreadInitThunk [0x7611FA29+25]
	RtlGetAppContainerNamedObjectPath [0x76FD7A7E+286]
	RtlGetAppContainerNamedObjectPath [0x76FD7A4E+238]
">
      <![CDATA[org.openqa.selenium.SessionNotCreatedException: session not created: This version of ChromeDriver only supports Chrome version 97
Current browser version is 99.0.4844.51 with binary path C:\Program Files (x86)\Google\Chrome\Application\chrome.exe
Build info: version: '3.141.59', revision: 'e82be7d358', time: '2018-11-14T08:17:03'
System info: host: 'DESKTOP-KR1GQTC', ip: '192.168.136.1', os.name: 'Windows 10', os.arch: 'amd64', os.version: '10.0', java.version: '17.0.1'
Driver info: driver.version: ChromeDriver
remote stacktrace: Backtrace:
Ordinal0 [0x011DFDC3+2555331]
Ordinal0 [0x011777F1+2127857]
Ordinal0 [0x01072E08+1060360]
Ordinal0 [0x010919CA+1186250]
Ordinal0 [0x0108D825+1169445]
Ordinal0 [0x0108AFC1+1159105]
Ordinal0 [0x010BC22F+1360431]
Ordinal0 [0x010BBE9A+1359514]
Ordinal0 [0x010B7976+1341814]
Ordinal0 [0x010936B6+1193654]
Ordinal0 [0x01094546+1197382]
GetHandleVerifier [0x01379622+1619522]
GetHandleVerifier [0x0142882C+2336844]
GetHandleVerifier [0x012723E1+541697]
GetHandleVerifier [0x01271443+537699]
Ordinal0 [0x0117D18E+2150798]
Ordinal0 [0x01181518+2168088]
Ordinal0 [0x01181660+2168416]
Ordinal0 [0x0118B330+2208560]
BaseThreadInitThunk [0x7611FA29+25]
RtlGetAppContainerNamedObjectPath [0x76FD7A7E+286]
RtlGetAppContainerNamedObjectPath [0x76FD7A4E+238]

at org.openqa.selenium.remote.W3CHandshakeResponse.lambda$errorHandler$0(W3CHandshakeResponse.java:62)
at org.openqa.selenium.remote.HandshakeResponse.lambda$getResponseFunction$0(HandshakeResponse.java:30)
at org.openqa.selenium.remote.ProtocolHandshake.lambda$createSession$0(ProtocolHandshake.java:126)
at java.base/java.util.stream.ReferencePipeline$3$1.accept(ReferencePipeline.java:197)
at java.base/java.util.Spliterators$ArraySpliterator.tryAdvance(Spliterators.java:1002)
at java.base/java.util.stream.ReferencePipeline.forEachWithCancel(ReferencePipeline.java:129)
at java.base/java.util.stream.AbstractPipeline.copyIntoWithCancel(AbstractPipeline.java:527)
at java.base/java.util.stream.AbstractPipeline.copyInto(AbstractPipeline.java:513)
at java.base/java.util.stream.AbstractPipeline.wrapAndCopyInto(AbstractPipeline.java:499)
at java.base/java.util.stream.FindOps$FindOp.evaluateSequential(FindOps.java:150)
at java.base/java.util.stream.AbstractPipeline.evaluate(AbstractPipeline.java:234)
at java.base/java.util.stream.ReferencePipeline.findFirst(ReferencePipeline.java:647)
at org.openqa.selenium.remote.ProtocolHandshake.createSession(ProtocolHandshake.java:128)
at org.openqa.selenium.remote.ProtocolHandshake.createSession(ProtocolHandshake.java:74)
at org.openqa.selenium.remote.HttpCommandExecutor.execute(HttpCommandExecutor.java:136)
at org.openqa.selenium.remote.service.DriverCommandExecutor.execute(DriverCommandExecutor.java:83)
at org.openqa.selenium.remote.RemoteWebDriver.execute(RemoteWebDriver.java:552)
at org.openqa.selenium.remote.RemoteWebDriver.startSession(RemoteWebDriver.java:213)
at org.openqa.selenium.remote.RemoteWebDriver.<init>(RemoteWebDriver.java:131)
at org.openqa.selenium.chrome.ChromeDriver.<init>(ChromeDriver.java:181)
at org.openqa.selenium.chrome.ChromeDriver.<init>(ChromeDriver.java:168)
at org.openqa.selenium.chrome.ChromeDriver.<init>(ChromeDriver.java:123)
at base.Browser.launchChromeBrowser(Browser.java:12)
at pomtest.TestNgClass.launchBrowserName(TestNgClass.java:39)
... Removed 29 stack frames]]>
    </failure>
  </testcase> <!-- @BeforeTest launchBrowserName -->
  <testcase classname="pomtest.TestNgClass" name="@BeforeClass launchBrowser" time="-1.646895929679E9">
    <skipped/>
  </testcase> <!-- @BeforeClass launchBrowser -->
  <testcase classname="pomtest.TestNgClass" name="@BeforeMethod logInToApplication" time="-1.646895929708E9">
    <skipped/>
  </testcase> <!-- @BeforeMethod logInToApplication -->
  <testcase classname="pomtest.TestNgClass" name="@AfterMethod logOut" time="-1.646895929725E9">
    <skipped/>
  </testcase> <!-- @AfterMethod logOut -->
  <testcase classname="pomtest.TestNgClass" name="@BeforeMethod logInToApplication" time="-1.646895929729E9">
    <skipped/>
  </testcase> <!-- @BeforeMethod logInToApplication -->
  <testcase classname="pomtest.TestNgClass" name="@AfterMethod logOut" time="-1.646895929743E9">
    <skipped/>
  </testcase> <!-- @AfterMethod logOut -->
  <testcase classname="pomtest.TestNgClass" name="@AfterClass closeBrowser" time="-1.646895929745E9">
    <skipped/>
  </testcase> <!-- @AfterClass closeBrowser -->
  <testcase classname="pomtest.TestNgClass" name="@AfterTest closedBrowser" time="-1.646895929747E9">
    <skipped/>
  </testcase> <!-- @AfterTest closedBrowser -->
  <testcase classname="pomtest.TestNgClass" name="verifyReportButton" time="0.0">
    <skipped/>
  </testcase> <!-- verifyReportButton -->
  <testcase classname="pomtest.TestNgClass" name="verifyUserTab" time="0.0">
    <skipped/>
  </testcase> <!-- verifyUserTab -->
</testsuite> <!-- ChromeTest -->
